<?xml version="1.0" encoding="UTF-8"?>
<!-- Generated by org.testng.reporters.JUnitReportReporter -->
<testsuite skipped="0" hostname="DESKTOP-FJOEKR9" name="com.us.testng.LoginTestNg" tests="3" failures="0" timestamp="12 Nov 2020 07:40:10 GMT" time="0.023" errors="0">
  <testcase name="getBall" time="0.016" classname="com.us.testng.LoginTestNg"/>
  <testcase name="getAge" time="0.005" classname="com.us.testng.LoginTestNg"/>
  <testcase name="getSalary" time="0.002" classname="com.us.testng.LoginTestNg"/>
</testsuite> <!-- com.us.testng.LoginTestNg -->
