<?xml version="1.0" encoding="UTF-8"?>
<!-- Generated by org.testng.reporters.JUnitReportReporter -->
<testsuite skipped="0" hostname="DESKTOP-FJOEKR9" name="com.us.testng.Test3" tests="1" failures="0" timestamp="12 Nov 2020 07:30:12 GMT" time="0.002" errors="0">
  <testcase name="testCaseThree" time="0.002" classname="com.us.testng.Test3"/>
</testsuite> <!-- com.us.testng.Test3 -->
