<?xml version="1.0" encoding="UTF-8"?>
<!-- Generated by org.testng.reporters.JUnitReportReporter -->
<testsuite skipped="0" hostname="DESKTOP-FJOEKR9" name="com.us.testng.Test1" tests="1" failures="0" timestamp="12 Nov 2020 07:30:12 GMT" time="0.018" errors="0">
  <testcase name="testCaseOne" time="0.018" classname="com.us.testng.Test1"/>
</testsuite> <!-- com.us.testng.Test1 -->
