<?xml version="1.0" encoding="UTF-8"?>
<!-- Generated by org.testng.reporters.JUnitReportReporter -->
<testsuite skipped="0" hostname="DESKTOP-FJOEKR9" name="com.us.testng.DataProviderTest" tests="2" failures="0" timestamp="14 Nov 2020 07:13:03 GMT" time="21.012" errors="0">
  <testcase name="test" time="9.786" classname="com.us.testng.DataProviderTest"/>
  <testcase name="test" time="11.226" classname="com.us.testng.DataProviderTest"/>
</testsuite> <!-- com.us.testng.DataProviderTest -->
