<?xml version="1.0" encoding="UTF-8"?>
<!-- Generated by org.testng.reporters.JUnitReportReporter -->
<testsuite skipped="0" hostname="DESKTOP-FJOEKR9" name="zoopla.uk.myrunner.MyRunner" tests="1" failures="0" timestamp="11 Nov 2020 09:05:34 GMT" time="15.264" errors="0">
  <testcase name="feature" time="15.264" classname="zoopla.uk.myrunner.MyRunner"/>
</testsuite> <!-- zoopla.uk.myrunner.MyRunner -->
